TN:
SF:/home/cameronpurves/Documents/nws/ea_nws_website/backend/server/config.js
DA:1,1
DA:2,1
DA:3,1
DA:4,1
DA:5,1
DA:6,1
DA:7,1
DA:8,1
DA:9,1
DA:10,1
DA:11,1
DA:12,1
DA:13,1
DA:14,1
DA:15,1
DA:16,1
DA:17,1
DA:18,1
DA:19,1
DA:20,1
DA:21,1
DA:22,1
DA:23,0
DA:24,0
DA:25,1
DA:26,1
DA:27,1
DA:28,1
DA:29,1
DA:30,1
DA:31,1
LF:19
LH:17
end_of_record
TN:
SF:/home/cameronpurves/Documents/nws/ea_nws_website/backend/server/index.js
DA:1,1
DA:2,1
DA:3,1
DA:4,1
DA:5,1
DA:6,6
DA:7,1
DA:8,1
DA:9,1
DA:10,1
DA:11,1
DA:12,1
DA:13,1
DA:14,1
DA:15,1
DA:16,1
DA:17,1
DA:18,1
DA:19,6
DA:20,6
DA:21,6
DA:22,6
DA:23,1
DA:24,6
DA:25,1
DA:26,1
DA:27,1
DA:28,1
LF:21
LH:21
end_of_record
TN:
SF:/home/cameronpurves/Documents/nws/ea_nws_website/backend/server/plugins/logging.js
DA:1,1
DA:2,1
DA:3,1
DA:4,1
DA:5,1
DA:6,1
DA:7,0
DA:8,1
DA:9,1
DA:10,1
LF:8
LH:7
end_of_record
TN:
SF:/home/cameronpurves/Documents/nws/ea_nws_website/backend/server/plugins/router.js
DA:1,1
DA:2,1
DA:3,1
DA:4,1
DA:5,1
DA:6,1
DA:7,1
DA:8,1
DA:9,1
DA:10,1
DA:11,1
DA:12,1
DA:13,1
DA:14,1
DA:15,1
DA:16,1
DA:17,1
DA:18,1
DA:19,1
DA:20,1
LF:18
LH:18
end_of_record
TN:
SF:/home/cameronpurves/Documents/nws/ea_nws_website/backend/server/routes/public.js
DA:1,1
DA:2,1
DA:3,1
DA:4,1
DA:5,1
DA:6,1
DA:7,1
DA:8,1
DA:9,1
DA:10,1
DA:11,1
DA:12,1
DA:13,1
DA:14,1
DA:15,1
DA:16,1
DA:17,1
DA:18,1
DA:19,1
DA:20,1
DA:21,1
DA:22,1
DA:23,1
DA:24,1
DA:25,1
DA:26,1
LF:25
LH:25
end_of_record
TN:
SF:/home/cameronpurves/Documents/nws/ea_nws_website/backend/server/routes/start.js
DA:1,1
DA:2,1
DA:3,1
DA:4,1
DA:5,1
DA:6,1
DA:7,1
DA:8,1
DA:9,1
DA:10,1
DA:11,1
LF:9
LH:9
end_of_record
TN:
SF:/home/cameronpurves/Documents/nws/ea_nws_website/backend/server/routes/signIn/signInStart.js
DA:1,1
DA:2,1
DA:3,1
DA:4,1
DA:5,1
DA:6,5
DA:7,5
DA:8,5
DA:9,2
DA:10,1
DA:11,1
DA:12,3
DA:13,0
DA:14,0
DA:15,0
DA:16,0
DA:17,0
DA:18,0
DA:19,1
DA:20,0
DA:21,0
DA:22,0
DA:23,0
DA:24,1
DA:25,1
DA:26,1
DA:27,1
DA:28,1
DA:29,1
DA:30,1
DA:31,1
DA:32,1
DA:33,6
DA:34,1
DA:35,1
DA:36,5
DA:37,5
DA:38,2
DA:39,1
DA:40,1
DA:41,1
DA:42,1
DA:43,2
DA:44,1
DA:45,3
DA:46,3
DA:47,1
DA:48,1
DA:49,1
DA:50,1
DA:51,1
LF:46
LH:36
end_of_record
TN:
SF:/home/cameronpurves/Documents/nws/ea_nws_website/backend/server/routes/signIn/signInValidate.js
DA:1,1
DA:2,1
DA:3,1
DA:4,1
DA:5,1
DA:6,5
DA:7,5
DA:8,5
DA:9,5
DA:10,5
DA:11,0
DA:12,2
DA:13,1
DA:14,1
DA:15,1
DA:16,3
DA:17,0
DA:18,0
DA:19,0
DA:20,0
DA:21,1
DA:22,0
DA:23,0
DA:24,1
DA:25,0
DA:26,0
DA:27,0
DA:28,0
DA:29,0
DA:30,0
DA:31,0
DA:32,1
DA:33,1
DA:34,0
DA:35,1
DA:36,1
DA:37,1
DA:38,1
DA:39,1
DA:40,1
DA:41,1
DA:42,1
DA:43,1
DA:44,1
DA:45,6
DA:46,1
DA:47,1
DA:48,1
DA:49,5
DA:50,5
DA:51,2
DA:52,0
DA:53,2
DA:54,2
DA:55,1
DA:56,1
DA:57,1
DA:58,1
DA:59,0
DA:60,0
DA:61,1
DA:62,1
DA:63,1
DA:64,1
DA:65,1
DA:66,1
DA:67,2
DA:68,1
DA:69,3
DA:70,3
DA:71,1
DA:72,1
DA:73,1
DA:74,1
DA:75,1
LF:67
LH:49
end_of_record
TN:
SF:/home/cameronpurves/Documents/nws/ea_nws_website/backend/server/routes/signup/registerStart.js
DA:1,1
DA:2,1
DA:3,1
DA:4,1
DA:5,1
DA:6,5
DA:7,5
DA:8,5
DA:9,5
DA:10,0
DA:11,3
DA:12,3
DA:13,1
DA:14,1
DA:15,2
DA:16,0
DA:17,0
DA:18,1
DA:19,0
DA:20,0
DA:21,0
DA:22,1
DA:23,0
DA:24,1
DA:25,0
DA:26,0
DA:27,1
DA:28,1
DA:29,1
DA:30,1
DA:31,1
DA:32,1
DA:33,1
DA:34,1
DA:35,5
DA:36,1
DA:37,5
DA:38,3
DA:39,1
DA:40,1
DA:41,1
DA:42,1
DA:43,3
DA:44,1
DA:45,2
DA:46,2
DA:47,1
DA:48,1
DA:49,1
DA:50,1
DA:51,1
LF:44
LH:35
end_of_record
TN:
SF:/home/cameronpurves/Documents/nws/ea_nws_website/backend/server/routes/signup/registerValidate.js
DA:1,1
DA:2,1
DA:3,1
DA:4,1
DA:5,1
DA:6,2
DA:7,2
DA:8,2
DA:9,0
DA:10,2
DA:11,1
DA:12,1
DA:13,1
DA:14,0
DA:15,0
DA:16,0
DA:17,0
DA:18,1
DA:19,0
DA:20,0
DA:21,1
DA:22,1
DA:23,0
DA:24,1
DA:25,1
DA:26,1
DA:27,1
DA:28,1
DA:29,1
DA:30,1
DA:31,1
DA:32,1
DA:33,1
DA:34,2
DA:35,2
DA:36,2
DA:37,2
DA:38,0
DA:39,2
DA:40,2
DA:41,1
DA:42,1
DA:43,1
DA:44,1
DA:45,0
DA:46,0
DA:47,1
DA:48,1
DA:49,1
DA:50,1
DA:51,2
DA:52,1
DA:53,0
DA:54,0
DA:55,1
DA:56,1
DA:57,1
DA:58,1
DA:59,1
LF:52
LH:39
end_of_record
TN:
SF:/home/cameronpurves/Documents/nws/ea_nws_website/backend/server/routes/signup/channel-preferences/mobile/mobilePhoneAuthenticate.js
DA:1,1
DA:2,1
DA:3,1
DA:4,1
DA:5,1
DA:6,1
DA:7,1
DA:8,1
DA:9,1
DA:10,1
DA:11,1
DA:12,1
DA:13,1
DA:14,0
DA:15,1
DA:16,0
DA:17,1
DA:18,0
DA:19,1
DA:20,0
DA:21,1
DA:22,1
DA:23,1
DA:24,0
DA:25,1
DA:26,0
DA:27,1
DA:28,1
DA:29,1
DA:30,1
DA:31,1
DA:32,1
DA:33,1
DA:34,0
DA:35,1
DA:36,0
DA:37,1
DA:38,0
DA:39,1
DA:40,0
DA:41,1
DA:42,1
DA:43,1
DA:44,0
DA:45,1
DA:46,0
DA:47,1
DA:48,1
DA:49,1
DA:50,1
DA:51,1
LF:43
LH:31
end_of_record
TN:
SF:/home/cameronpurves/Documents/nws/ea_nws_website/backend/server/routes/update_profile/update_profile.js
DA:1,1
DA:2,1
DA:3,1
DA:4,1
DA:5,1
DA:6,1
DA:7,1
DA:8,1
DA:9,0
DA:10,0
DA:11,1
DA:12,1
DA:13,1
DA:14,1
LF:11
LH:9
end_of_record
TN:
SF:/home/cameronpurves/Documents/nws/ea_nws_website/backend/server/services/ApiService.js
DA:1,1
DA:2,1
DA:3,1
DA:4,0
DA:5,1
DA:6,0
DA:7,0
DA:8,1
DA:9,1
DA:10,1
DA:11,1
DA:12,1
DA:13,0
DA:14,0
DA:15,1
DA:16,1
DA:17,0
DA:18,0
DA:19,0
DA:20,0
DA:21,0
DA:22,0
DA:23,0
DA:24,0
DA:25,1
DA:26,0
DA:27,1
DA:28,0
DA:29,1
DA:30,1
DA:31,0
DA:32,1
DA:33,1
DA:34,1
DA:35,1
LF:30
LH:14
end_of_record
TN:
SF:/home/cameronpurves/Documents/nws/ea_nws_website/backend/server/services/validations/AuthCodeValidation.js
DA:1,1
DA:2,1
DA:3,1
DA:4,1
DA:5,1
DA:6,4
DA:7,4
DA:8,3
DA:9,1
DA:10,1
DA:11,1
DA:12,1
DA:13,1
DA:14,1
LF:11
LH:11
end_of_record
TN:
SF:/home/cameronpurves/Documents/nws/ea_nws_website/backend/server/services/validations/CodeValidation.js
DA:1,1
DA:2,1
DA:3,7
DA:4,1
DA:5,1
DA:6,1
DA:7,1
LF:5
LH:5
end_of_record
TN:
SF:/home/cameronpurves/Documents/nws/ea_nws_website/backend/server/services/validations/EmailValidation.js
DA:1,1
DA:2,1
DA:3,16
DA:4,1
DA:5,1
DA:6,1
DA:7,1
LF:5
LH:5
end_of_record
TN:
SF:/home/cameronpurves/Documents/nws/ea_nws_website/backend/server/services/validations/PhoneValidation.js
DA:1,1
DA:2,0
DA:3,1
DA:4,0
DA:5,0
DA:6,1
DA:7,0
DA:8,1
DA:9,1
DA:10,0
DA:11,1
DA:12,0
DA:13,0
DA:14,1
DA:15,0
DA:16,1
DA:17,1
DA:18,0
DA:19,0
DA:20,1
DA:21,0
DA:22,1
DA:23,0
DA:24,1
DA:25,0
DA:26,0
DA:27,1
DA:28,0
DA:29,1
DA:30,0
DA:31,1
DA:32,1
DA:33,1
DA:34,1
LF:28
LH:12
end_of_record
